<?xml version="1.0" encoding="UTF-8"?>
<!-- Generated by org.testng.reporters.JUnitXMLReporter -->
<testsuite ignored="0" hostname="LAPTOP-KTHHIK5G" failures="4" tests="4" name="Test" time="3.883" errors="0" timestamp="2026-05-04T06:11:01 IST">
  <testcase classname="com.Test.LoginTest" name="registerUser" time="3.446">
    <failure type="org.testng.internal.reflect.MethodMatcherException" message="
[public void com.Test.LoginTest.registerUser(java.lang.String,java.lang.String,java.lang.String,java.lang.String)] has no parameters defined but was found to be using a data provider (either explicitly specified or inherited from class level annotation).
Data provider mismatch
Method: registerUser([java.lang.String arg0, java.lang.String arg1, java.lang.String arg2, java.lang.String arg3])
Arguments: [(java.lang.String) John,(java.lang.String) john_new1@test.com,(java.lang.String) 12345.0]">
      <![CDATA[org.testng.internal.reflect.MethodMatcherException: 
[public void com.Test.LoginTest.registerUser(java.lang.String,java.lang.String,java.lang.String,java.lang.String)] has no parameters defined but was found to be using a data provider (either explicitly specified or inherited from class level annotation).
Data provider mismatch
Method: registerUser([java.lang.String arg0, java.lang.String arg1, java.lang.String arg2, java.lang.String arg3])
Arguments: [(java.lang.String) John,(java.lang.String) john_new1@test.com,(java.lang.String) 12345.0]
at java.base/java.util.ArrayList.forEach(ArrayList.java:1596)
... Removed 22 stack frames]]>
    </failure>
  </testcase> <!-- registerUser -->
  <testcase classname="com.Test.LoginTest" name="existingUser" time="0.106">
    <failure type="org.testng.internal.reflect.MethodMatcherException" message="
[public void com.Test.LoginTest.existingUser(java.lang.String,java.lang.String,java.lang.String,java.lang.String)] has no parameters defined but was found to be using a data provider (either explicitly specified or inherited from class level annotation).
Data provider mismatch
Method: existingUser([java.lang.String arg0, java.lang.String arg1, java.lang.String arg2, java.lang.String arg3])
Arguments: [(java.lang.String) John,(java.lang.String) john_new1@test.com,(java.lang.String) 12345.0]">
      <![CDATA[org.testng.internal.reflect.MethodMatcherException: 
[public void com.Test.LoginTest.existingUser(java.lang.String,java.lang.String,java.lang.String,java.lang.String)] has no parameters defined but was found to be using a data provider (either explicitly specified or inherited from class level annotation).
Data provider mismatch
Method: existingUser([java.lang.String arg0, java.lang.String arg1, java.lang.String arg2, java.lang.String arg3])
Arguments: [(java.lang.String) John,(java.lang.String) john_new1@test.com,(java.lang.String) 12345.0]
at java.base/java.util.ArrayList.forEach(ArrayList.java:1596)
... Removed 22 stack frames]]>
    </failure>
  </testcase> <!-- existingUser -->
  <testcase classname="com.Test.LoginTest" name="validLogin" time="0.072">
    <failure type="org.testng.internal.reflect.MethodMatcherException" message="
[public void com.Test.LoginTest.validLogin(java.lang.String,java.lang.String,java.lang.String,java.lang.String)] has no parameters defined but was found to be using a data provider (either explicitly specified or inherited from class level annotation).
Data provider mismatch
Method: validLogin([java.lang.String arg0, java.lang.String arg1, java.lang.String arg2, java.lang.String arg3])
Arguments: [(java.lang.String) John,(java.lang.String) john_new1@test.com,(java.lang.String) 12345.0]">
      <![CDATA[org.testng.internal.reflect.MethodMatcherException: 
[public void com.Test.LoginTest.validLogin(java.lang.String,java.lang.String,java.lang.String,java.lang.String)] has no parameters defined but was found to be using a data provider (either explicitly specified or inherited from class level annotation).
Data provider mismatch
Method: validLogin([java.lang.String arg0, java.lang.String arg1, java.lang.String arg2, java.lang.String arg3])
Arguments: [(java.lang.String) John,(java.lang.String) john_new1@test.com,(java.lang.String) 12345.0]
at java.base/java.util.ArrayList.forEach(ArrayList.java:1596)
... Removed 22 stack frames]]>
    </failure>
  </testcase> <!-- validLogin -->
  <testcase classname="com.Test.LoginTest" name="invalidLogin" time="0.12">
    <failure type="org.testng.internal.reflect.MethodMatcherException" message="
[public void com.Test.LoginTest.invalidLogin(java.lang.String,java.lang.String,java.lang.String,java.lang.String)] has no parameters defined but was found to be using a data provider (either explicitly specified or inherited from class level annotation).
Data provider mismatch
Method: invalidLogin([java.lang.String arg0, java.lang.String arg1, java.lang.String arg2, java.lang.String arg3])
Arguments: [(java.lang.String) John,(java.lang.String) john_new1@test.com,(java.lang.String) 12345.0]">
      <![CDATA[org.testng.internal.reflect.MethodMatcherException: 
[public void com.Test.LoginTest.invalidLogin(java.lang.String,java.lang.String,java.lang.String,java.lang.String)] has no parameters defined but was found to be using a data provider (either explicitly specified or inherited from class level annotation).
Data provider mismatch
Method: invalidLogin([java.lang.String arg0, java.lang.String arg1, java.lang.String arg2, java.lang.String arg3])
Arguments: [(java.lang.String) John,(java.lang.String) john_new1@test.com,(java.lang.String) 12345.0]
at java.base/java.util.ArrayList.forEach(ArrayList.java:1596)
... Removed 22 stack frames]]>
    </failure>
  </testcase> <!-- invalidLogin -->
</testsuite> <!-- Test -->
